UMT_OUT_2017.txt

Evaluating:   0%|	   | 0/204 [00:00<?, ?it/s]run_mtmner_crf.py:1014: UserWarning: To copy construct from a tensor, it is recommended to use sourceTensor.clone().detach() or sourceTensor.clone().detach().requires_grad_(True), rather than torch.tensor(sourceTensor).
  trans_matrix = torch.tensor(trans_matrix).to(device)
Evaluating: 100%|██████████| 204/204[[00:19<00:00,110.41it/s]
02/24/2024 19:04:02 - INFO - __main__ -   ***** Test Eval results *****
02/24/2024 19:04:02 - INFO - __main__ -
	      precision    recall  f1-score   support

	 LOC	 0.7128    0.6494    0.6796	 1720
	MISC	 0.4713    0.1088    0.1767	  754
	 ORG	 0.5362    0.3791    0.4441	  860
	 PER	 0.6971    0.8110    0.7498	 1873
	   _	 0.0000    0.0000    0.0000	    0

   micro avg	 0.6696    0.5846    0.6242	 5207
   macro avg	 0.4835    0.3896    0.4101	 5207
weighted avg	 0.6430    0.5846    0.5931	 5207

The number of samples: 3257
The number of images: 3257
Overall:  0.6236426961688178 0.5845976570001921 0.6034892942109437
Person:  0.6971087654887563 0.810998398291511 0.7497532082922013
Location:  0.7128270580727505 0.6494186046511627 0.6796470946151506
Organization:  0.5361842105263158 0.37906976744186044 0.44414168937329696
Miscellaneous:	0.47126436781609193 0.10875331564986737 0.17672413793103448

UMT_OUT_2017_same.txt

The best epoch on the test set:  18
The best Micro-F1 score on the test set:  0.777


The number of samples: 723
The number of images: 723
the number of problematic samples: 78
Evaluating:   0%|	   | 0/46 [00:00<?, ?it/s]run_mtmner_crf_same.py:1012: UserWarning: To copy construct from a tensor, it is recommended to use sourceTensor.clone().detach() or sourceTensor.clone().detach().requires_grad_(True), rather than torch.tensor(sourceTensor).
  trans_matrix = torch.tensor(trans_matrix).to(device)
Evaluating: 100%|██████████| 46/46[[00:04<00:00,110.12it/s]
02/24/2024 18:48:48 - INFO - __main__ -   ***** Test Eval results *****
02/24/2024 18:48:48 - INFO - __main__ -
	      precision    recall  f1-score   support

	 LOC	 0.7644    0.8202    0.7913	  178
	MISC	 0.6338    0.5732    0.6020	  157
	 ORG	 0.8365    0.7772    0.8058	  395
	 PER	 0.8729    0.9066    0.8894	  621

   micro avg	 0.8223    0.8187    0.8205	 1351
   macro avg	 0.7769    0.7693    0.7721	 1351
weighted avg	 0.8202    0.8187    0.8186	 1351

The number of samples: 723
The number of images: 723
Overall:  0.8223048327137547 0.8186528497409327 0.8204747774480713
Person:  0.8728682170542635 0.9066022544283414 0.8894154818325435
Location:  0.7643979057591623 0.8202247191011236 0.7913279132791329
Organization:  0.8365122615803815 0.7772151898734178 0.8057742782152232
Miscellaneous:	0.6338028169014085 0.5732484076433121 0.6020066889632107


UMT_OUT_2015.txt

./IJCAI2019_data/twitter2015_images/O_126.jpg
./IJCAI2019_data/twitter2015_images/16_05_09_387.jpg
./IJCAI2019_data/twitter2015_images/17_01_23702.jpg
./IJCAI2019_data/twitter2015_images/16_05_06_1035.jpg
./IJCAI2019_data/twitter2015_images/O_2232.jpg
the number of problematic samples: 723
Evaluating:   0%|	   | 0/46 [00:00<?, ?it/s]run_mtmner_crf.py:1014: UserWarning: To copy construct from a tensor, it is recommended to use sourceTensor.clone().detach() or sourceTensor.clone().detach().requires_grad_(True), rather than torch.tensor(sourceTensor).
  trans_matrix = torch.tensor(trans_matrix).to(device)
Evaluating: 100%|██████████| 46/46[[00:04<00:00,110.62it/s]
02/24/2024 21:06:03 - INFO - __main__ -   ***** Test Eval results *****
02/24/2024 21:06:03 - INFO - __main__ -
	      precision    recall  f1-score   support

	 LOC	 0.5356    0.7191    0.6139	  178
	MISC	 0.2426    0.3631    0.2908	  157
	 ORG	 0.5273    0.2203    0.3107	  395
	 PER	 0.8728    0.7295    0.7947	  621
	   _	 0.0000    0.0000    0.0000	    0

   micro avg	 0.6057    0.5366    0.5691	 1351
   macro avg	 0.4356    0.4064    0.4020	 1351
weighted avg	 0.6541    0.5366    0.5708	 1351

The number of samples: 723
The number of images: 723
Overall:  0.4262198706643151 0.536639526276832 0.4750982961992136
Person:  0.8728323699421965 0.7294685990338164 0.7947368421052632
Location:  0.5355648535564853 0.7191011235955056 0.6139088729016785
Organization:  0.5272727272727272 0.22025316455696203 0.3107142857142857
Miscellaneous:	0.2425531914893617 0.3630573248407643 0.29081632653061223


UMT_OUT_2015_same.txt

The best Micro-F1 score on the test set:  0.5024


The number of samples: 3257
The number of images: 3257
the number of problematic samples: 76
Evaluating:   0%|	   | 0/204 [00:00<?, ?it/s]run_mtmner_crf_same.py:1012: UserWarning: To copy construct from a tensor, it is recommended to use sourceTensor.clone().detach() or sourceTensor.clone().detach().requires_grad_(True), rather than torch.tensor(sourceTensor).
  trans_matrix = torch.tensor(trans_matrix).to(device)
Evaluating: 100%|██████████| 204/204[[00:19<00:00,110.59it/s]
02/24/2024 20:37:20 - INFO - __main__ -   ***** Test Eval results *****
02/24/2024 20:37:20 - INFO - __main__ -
	      precision    recall  f1-score   support

	 LOC	 0.7260    0.8366    0.7774	 1720
	MISC	 0.3536    0.2387    0.2850	  754
	 ORG	 0.5561    0.5244    0.5398	  860
	 PER	 0.8261    0.8548    0.8402	 1873
	   _	 0.0000    0.0000    0.0000	    0

   micro avg	 0.7003    0.7050    0.7027	 5207
   macro avg	 0.4924    0.4909    0.4885	 5207
weighted avg	 0.6800    0.7050    0.6895	 5207

The number of samples: 3257
The number of images: 3257
Overall:  0.69579226686884 0.7050124831956981 0.700372030907183
Person:  0.826109391124871 0.8547784303256807 0.8401994227236945
Location:  0.7260343087790111 0.8366279069767442 0.7774176121015667
Organization:  0.5561035758323057 0.5244186046511627 0.5397965290245362
Miscellaneous:	0.35363457760314343 0.23872679045092837 0.2850356294536817
